{
	"date": "Sun, 30 Jun 2013 01:57:41 +0900",
	"method": "GET",
	"url": "/step2/index.html",
	"statusCode": 404
}
,{
	"date": "Sun, 30 Jun 2013 01:57:43 +0900",
	"method": "GET",
	"url": "/favicon.ico",
	"statusCode": 404
}
,{
	"date": "Sun, 30 Jun 2013 02:00:42 +0900",
	"method": "GET",
	"url": "/step2/index.html",
	"statusCode": 200
}
,{
	"date": "Sun, 30 Jun 2013 02:00:42 +0900",
	"method": "GET",
	"url": "/css/reset.css",
	"statusCode": 404
}
,{
	"date": "Sun, 30 Jun 2013 02:00:43 +0900",
	"method": "GET",
	"url": "/css/zenburn.css",
	"statusCode": 404
}
,{
	"date": "Sun, 30 Jun 2013 02:00:43 +0900",
	"method": "GET",
	"url": "/step2/controllers.js",
	"statusCode": 200
}
,{
	"date": "Sun, 30 Jun 2013 02:00:43 +0900",
	"method": "GET",
	"url": "/step2/colors.json",
	"statusCode": 200
}
,{
	"date": "Sun, 30 Jun 2013 02:01:43 +0900",
	"method": "GET",
	"url": "/step2/index.html",
	"statusCode": 200
}
,{
	"date": "Sun, 30 Jun 2013 02:01:44 +0900",
	"method": "GET",
	"url": "/css/reset.css",
	"statusCode": 200
}
,{
	"date": "Sun, 30 Jun 2013 02:01:44 +0900",
	"method": "GET",
	"url": "/css/zenburn.css",
	"statusCode": 200
}
,{
	"date": "Sun, 30 Jun 2013 02:01:44 +0900",
	"method": "GET",
	"url": "/step2/controllers.js",
	"statusCode": 200
}
,{
	"date": "Sun, 30 Jun 2013 02:01:44 +0900",
	"method": "GET",
	"url": "/step2/colors.json",
	"statusCode": 200
}